<?xml version="1.0" encoding="UTF-8"?>
<testsuite name="com.gdsc.project_bare_ground_heading.ProjectBareGroundHeadingApplicationTests" tests="1" skipped="0" failures="0" errors="0" timestamp="2024-09-12T07:22:39" hostname="cheonminjaeui-MacBook-Pro.local" time="0.499">
  <properties/>
  <testcase name="contextLoads()" classname="com.gdsc.project_bare_ground_heading.ProjectBareGroundHeadingApplicationTests" time="0.499"/>
  <system-out><![CDATA[16:22:38.312 [Test worker] INFO org.springframework.test.context.support.AnnotationConfigContextLoaderUtils -- Could not detect default configuration classes for test class [com.gdsc.project_bare_ground_heading.ProjectBareGroundHeadingApplicationTests]: ProjectBareGroundHeadingApplicationTests does not declare any static, non-private, non-final, nested classes annotated with @Configuration.
16:22:38.359 [Test worker] INFO org.springframework.boot.test.context.SpringBootTestContextBootstrapper -- Found @SpringBootConfiguration com.gdsc.project_bare_ground_heading.ProjectBareGroundHeadingApplication for test class com.gdsc.project_bare_ground_heading.ProjectBareGroundHeadingApplicationTests

  .   ____          _            __ _ _
 /\\ / ___'_ __ _ _(_)_ __  __ _ \ \ \ \
( ( )\___ | '_ | '_| | '_ \/ _` | \ \ \ \
 \\/  ___)| |_)| | | | | || (_| |  ) ) ) )
  '  |____| .__|_| |_|_| |_\__, | / / / /
 =========|_|==============|___/=/_/_/_/

 :: Spring Boot ::                (v3.3.3)

2024-09-12T16:22:38.531+09:00  INFO 24748 --- [Project_Bare_Ground_Heading] [    Test worker] ProjectBareGroundHeadingApplicationTests : Starting ProjectBareGroundHeadingApplicationTests using Java 21.0.1 with PID 24748 (started by cmjcm in /Users/cmjcm/school/gdsc/project/Project_Bare_Ground_Heading)
2024-09-12T16:22:38.532+09:00  INFO 24748 --- [Project_Bare_Ground_Heading] [    Test worker] ProjectBareGroundHeadingApplicationTests : No active profile set, falling back to 1 default profile: "default"
2024-09-12T16:22:39.015+09:00  INFO 24748 --- [Project_Bare_Ground_Heading] [    Test worker] ProjectBareGroundHeadingApplicationTests : Started ProjectBareGroundHeadingApplicationTests in 0.59 seconds (process running for 1.143)
]]></system-out>
  <system-err><![CDATA[WARNING: A Java agent has been loaded dynamically (/Users/cmjcm/.gradle/caches/modules-2/files-2.1/net.bytebuddy/byte-buddy-agent/1.14.19/154da3a65b4f4a909d3e5bdec55d1b2b4cbb6ce1/byte-buddy-agent-1.14.19.jar)
WARNING: If a serviceability tool is in use, please run with -XX:+EnableDynamicAgentLoading to hide this warning
WARNING: If a serviceability tool is not in use, please run with -Djdk.instrument.traceUsage for more information
WARNING: Dynamic loading of agents will be disallowed by default in a future release
]]></system-err>
</testsuite>
